<?xml version="1.0" encoding="UTF-8"?>
<!-- Generated by org.testng.reporters.JUnitXMLReporter -->
<testsuite ignored="0" hostname="ATMECSINLT-087" failures="0" tests="6" name="Test" time="27.579" errors="0" timestamp="11 Nov 2019 07:26:42 GMT">
  <testcase classname="com.tutorialsninja.TutorialsninjaAutomation.testscripts.HeatClinicFuctionalityTesting" name="headerRedirectionValidation" time="2.032"/>
  <testcase classname="com.tutorialsninja.TutorialsninjaAutomation.testscripts.HeatClinicFuctionalityTesting" name="headerRedirectionValidation" time="1.943"/>
  <testcase classname="com.tutorialsninja.TutorialsninjaAutomation.testscripts.HeatClinicFuctionalityTesting" name="headerRedirectionValidation" time="1.719"/>
  <testcase classname="com.tutorialsninja.TutorialsninjaAutomation.testscripts.HeatClinicFuctionalityTesting" name="headerRedirectionValidation" time="1.73"/>
  <testcase classname="com.tutorialsninja.TutorialsninjaAutomation.testscripts.HeatClinicFuctionalityTesting" name="headerRedirectionValidation" time="1.796"/>
  <testcase classname="com.tutorialsninja.TutorialsninjaAutomation.testscripts.HeatClinicFuctionalityTesting" name="merchandiseFunctionality" time="16.938"/>
</testsuite> <!-- Test -->
