<?xml version="1.0" encoding="UTF-8"?>
<testng-results ignored="0" total="3" passed="3" failed="0" skipped="0">
  <reporter-output>
  </reporter-output>
  <suite started-at="2019-11-12T14:40:35Z" name="Default suite" finished-at="2019-11-12T14:41:05Z" duration-ms="30133">
    <groups>
    </groups>
    <test started-at="2019-11-12T14:40:35Z" name="Default test" finished-at="2019-11-12T14:41:05Z" duration-ms="30133">
      <class name="com.tutorialsninjaandheatclinic.TutorialsninjaAndHeatclinicAutomation.testscripts.TutorialsNinjaFunctionalityValidation">
        <test-method is-config="true" signature="intitailizeBrowser()[pri:0, instance:com.tutorialsninjaandheatclinic.TutorialsninjaAndHeatclinicAutomation.testscripts.TutorialsNinjaFunctionalityValidation@add0edd]" started-at="2019-11-12T14:40:22Z" name="intitailizeBrowser" finished-at="2019-11-12T14:40:35Z" duration-ms="12263" status="PASS">
          <reporter-output>
          </reporter-output>
        </test-method> <!-- intitailizeBrowser -->
        <test-method is-config="true" signature="intailization()[pri:0, instance:com.tutorialsninjaandheatclinic.TutorialsninjaAndHeatclinicAutomation.testscripts.TutorialsNinjaFunctionalityValidation@add0edd]" started-at="2019-11-12T14:40:35Z" name="intailization" finished-at="2019-11-12T14:40:43Z" duration-ms="8225" status="PASS">
          <reporter-output>
          </reporter-output>
        </test-method> <!-- intailization -->
        <test-method signature="tutorialsNinjaHomePageValidation()[pri:1, instance:com.tutorialsninjaandheatclinic.TutorialsninjaAndHeatclinicAutomation.testscripts.TutorialsNinjaFunctionalityValidation@add0edd]" started-at="2019-11-12T14:40:43Z" name="tutorialsNinjaHomePageValidation" finished-at="2019-11-12T14:40:43Z" duration-ms="45" status="PASS">
          <reporter-output>
          </reporter-output>
        </test-method> <!-- tutorialsNinjaHomePageValidation -->
        <test-method signature="tutorialsNinjaProductValidation()[pri:2, instance:com.tutorialsninjaandheatclinic.TutorialsninjaAndHeatclinicAutomation.testscripts.TutorialsNinjaFunctionalityValidation@add0edd]" started-at="2019-11-12T14:40:43Z" name="tutorialsNinjaProductValidation" finished-at="2019-11-12T14:41:02Z" duration-ms="19453" status="PASS">
          <reporter-output>
          </reporter-output>
        </test-method> <!-- tutorialsNinjaProductValidation -->
        <test-method signature="cartValidation()[pri:3, instance:com.tutorialsninjaandheatclinic.TutorialsninjaAndHeatclinicAutomation.testscripts.TutorialsNinjaFunctionalityValidation@add0edd]" started-at="2019-11-12T14:41:02Z" name="cartValidation" finished-at="2019-11-12T14:41:05Z" duration-ms="2366" status="PASS">
          <reporter-output>
          </reporter-output>
        </test-method> <!-- cartValidation -->
        <test-method is-config="true" signature="endTest()[pri:0, instance:com.tutorialsninjaandheatclinic.TutorialsninjaAndHeatclinicAutomation.testscripts.TutorialsNinjaFunctionalityValidation@add0edd]" started-at="2019-11-12T14:41:05Z" name="endTest" finished-at="2019-11-12T14:41:06Z" duration-ms="1144" status="PASS">
          <reporter-output>
          </reporter-output>
        </test-method> <!-- endTest -->
      </class> <!-- com.tutorialsninjaandheatclinic.TutorialsninjaAndHeatclinicAutomation.testscripts.TutorialsNinjaFunctionalityValidation -->
    </test> <!-- Default test -->
  </suite> <!-- Default suite -->
</testng-results>
