<?xml version="1.0" encoding="UTF-8"?>
<!-- Generated by org.testng.reporters.JUnitXMLReporter -->
<testsuite ignored="0" hostname="ATMECSINLT-087" failures="0" tests="4" name="Test" time="36.852" errors="0" timestamp="11 Nov 2019 07:26:10 GMT">
  <testcase classname="com.tutorialsninja.TutorialsninjaAutomation.testscripts.TutorialsNinjaFunctionalityValidation" name="tutorialsNinjaHomePageValidation" time="0.037"/>
  <testcase classname="com.tutorialsninja.TutorialsninjaAutomation.testscripts.TutorialsNinjaFunctionalityValidation" name="tutorialsNinjaProductValidation" time="14.117"/>
  <testcase classname="com.tutorialsninja.TutorialsninjaAutomation.testscripts.TutorialsNinjaFunctionalityValidation" name="tutorialsNinjaProductValidation" time="13.801"/>
  <testcase classname="com.tutorialsninja.TutorialsninjaAutomation.testscripts.TutorialsNinjaFunctionalityValidation" name="cartValidation" time="6.033"/>
</testsuite> <!-- Test -->
