<?xml version="1.0" encoding="UTF-8"?>
<!-- Generated by org.testng.reporters.JUnitXMLReporter -->
<testsuite ignored="0" hostname="ATMECSINLT-087" failures="0" tests="6" name="heatClinicTest" time="25.937" errors="0" timestamp="11 Nov 2019 15:09:59 GMT">
  <testcase classname="com.tutorialsninja.TutorialsninjaAutomation.testscripts.HeatClinicFuctionalityTesting" name="headerRedirectionValidation" time="2.338"/>
  <testcase classname="com.tutorialsninja.TutorialsninjaAutomation.testscripts.HeatClinicFuctionalityTesting" name="headerRedirectionValidation" time="1.827"/>
  <testcase classname="com.tutorialsninja.TutorialsninjaAutomation.testscripts.HeatClinicFuctionalityTesting" name="headerRedirectionValidation" time="1.751"/>
  <testcase classname="com.tutorialsninja.TutorialsninjaAutomation.testscripts.HeatClinicFuctionalityTesting" name="headerRedirectionValidation" time="1.65"/>
  <testcase classname="com.tutorialsninja.TutorialsninjaAutomation.testscripts.HeatClinicFuctionalityTesting" name="headerRedirectionValidation" time="1.484"/>
  <testcase classname="com.tutorialsninja.TutorialsninjaAutomation.testscripts.HeatClinicFuctionalityTesting" name="merchandiseFunctionality" time="15.398"/>
</testsuite> <!-- heatClinicTest -->
