<?xml version="1.0" encoding="UTF-8"?>
<!-- Generated by org.testng.reporters.JUnitXMLReporter -->
<testsuite ignored="0" hostname="ATMECSINLT-087" failures="0" tests="4" name="tutorialNinjaTest" time="35.5" errors="0" timestamp="11 Nov 2019 14:09:14 GMT">
  <testcase classname="com.tutorialsninja.TutorialsninjaAutomation.testscripts.TutorialsNinjaFunctionalityValidation" name="tutorialsNinjaHomePageValidation" time="0.443"/>
  <testcase classname="com.tutorialsninja.TutorialsninjaAutomation.testscripts.TutorialsNinjaFunctionalityValidation" name="tutorialsNinjaProductValidation" time="13.788"/>
  <testcase classname="com.tutorialsninja.TutorialsninjaAutomation.testscripts.TutorialsNinjaFunctionalityValidation" name="tutorialsNinjaProductValidation" time="12.51"/>
  <testcase classname="com.tutorialsninja.TutorialsninjaAutomation.testscripts.TutorialsNinjaFunctionalityValidation" name="cartValidation" time="5.516"/>
</testsuite> <!-- tutorialNinjaTest -->
