<?xml version="1.0" encoding="UTF-8"?>
<testng-results ignored="0" total="10" passed="10" failed="0" skipped="0">
  <reporter-output>
  </reporter-output>
  <suite started-at="2019-11-11T15:08:54Z" name="tutorialsNinja" finished-at="2019-11-11T15:09:29Z" duration-ms="35216">
    <groups>
    </groups>
    <test started-at="2019-11-11T15:08:54Z" name="tutorialNinjaTest" finished-at="2019-11-11T15:09:29Z" duration-ms="35216">
      <class name="com.tutorialsninja.TutorialsninjaAutomation.testscripts.TutorialsNinjaFunctionalityValidation">
        <test-method is-config="true" signature="intitailizeBrowser()[pri:0, instance:com.tutorialsninja.TutorialsninjaAutomation.testscripts.TutorialsNinjaFunctionalityValidation@351d0846]" started-at="2019-11-11T15:08:48Z" name="intitailizeBrowser" finished-at="2019-11-11T15:08:54Z" duration-ms="5472" status="PASS">
          <reporter-output>
          </reporter-output>
        </test-method> <!-- intitailizeBrowser -->
        <test-method is-config="true" signature="intailization()[pri:0, instance:com.tutorialsninja.TutorialsninjaAutomation.testscripts.TutorialsNinjaFunctionalityValidation@351d0846]" started-at="2019-11-11T15:08:54Z" name="intailization" finished-at="2019-11-11T15:08:55Z" duration-ms="1843" status="PASS">
          <reporter-output>
          </reporter-output>
        </test-method> <!-- intailization -->
        <test-method signature="tutorialsNinjaHomePageValidation()[pri:1, instance:com.tutorialsninja.TutorialsninjaAutomation.testscripts.TutorialsNinjaFunctionalityValidation@351d0846]" started-at="2019-11-11T15:08:56Z" name="tutorialsNinjaHomePageValidation" finished-at="2019-11-11T15:08:56Z" duration-ms="30" status="PASS">
          <reporter-output>
          </reporter-output>
        </test-method> <!-- tutorialsNinjaHomePageValidation -->
        <test-method signature="tutorialsNinjaProductValidation([Ljava.lang.String;)[pri:2, instance:com.tutorialsninja.TutorialsninjaAutomation.testscripts.TutorialsNinjaFunctionalityValidation@351d0846]" started-at="2019-11-11T15:08:57Z" name="tutorialsNinjaProductValidation" data-provider="productData" finished-at="2019-11-11T15:09:10Z" duration-ms="13613" status="PASS">
          <params>
            <param index="0">
              <value>
                <![CDATA[[Ljava.lang.String;@126f1ba8]]>
              </value>
            </param>
          </params>
          <reporter-output>
          </reporter-output>
        </test-method> <!-- tutorialsNinjaProductValidation -->
        <test-method signature="tutorialsNinjaProductValidation([Ljava.lang.String;)[pri:2, instance:com.tutorialsninja.TutorialsninjaAutomation.testscripts.TutorialsNinjaFunctionalityValidation@351d0846]" started-at="2019-11-11T15:09:10Z" name="tutorialsNinjaProductValidation" data-provider="productData" finished-at="2019-11-11T15:09:23Z" duration-ms="13049" status="PASS">
          <params>
            <param index="0">
              <value>
                <![CDATA[[Ljava.lang.String;@3a08078c]]>
              </value>
            </param>
          </params>
          <reporter-output>
          </reporter-output>
        </test-method> <!-- tutorialsNinjaProductValidation -->
        <test-method signature="cartValidation()[pri:3, instance:com.tutorialsninja.TutorialsninjaAutomation.testscripts.TutorialsNinjaFunctionalityValidation@351d0846]" started-at="2019-11-11T15:09:23Z" name="cartValidation" finished-at="2019-11-11T15:09:29Z" duration-ms="5567" status="PASS">
          <reporter-output>
          </reporter-output>
        </test-method> <!-- cartValidation -->
        <test-method is-config="true" signature="endTest()[pri:0, instance:com.tutorialsninja.TutorialsninjaAutomation.testscripts.TutorialsNinjaFunctionalityValidation@351d0846]" started-at="2019-11-11T15:09:29Z" name="endTest" finished-at="2019-11-11T15:09:30Z" duration-ms="789" status="PASS">
          <reporter-output>
          </reporter-output>
        </test-method> <!-- endTest -->
      </class> <!-- com.tutorialsninja.TutorialsninjaAutomation.testscripts.TutorialsNinjaFunctionalityValidation -->
    </test> <!-- tutorialNinjaTest -->
  </suite> <!-- tutorialsNinja -->
  <suite started-at="2019-11-11T15:09:33Z" name="heatClinic" finished-at="2019-11-11T15:09:59Z" duration-ms="25937">
    <groups>
    </groups>
    <test started-at="2019-11-11T15:09:33Z" name="heatClinicTest" finished-at="2019-11-11T15:09:59Z" duration-ms="25937">
      <class name="com.tutorialsninja.TutorialsninjaAutomation.testscripts.HeatClinicFuctionalityTesting">
        <test-method is-config="true" signature="intitailizeBrowser()[pri:0, instance:com.tutorialsninja.TutorialsninjaAutomation.testscripts.HeatClinicFuctionalityTesting@2ea6137]" started-at="2019-11-11T15:09:30Z" name="intitailizeBrowser" finished-at="2019-11-11T15:09:33Z" duration-ms="3769" status="PASS">
          <reporter-output>
          </reporter-output>
        </test-method> <!-- intitailizeBrowser -->
        <test-method is-config="true" signature="intailization()[pri:0, instance:com.tutorialsninja.TutorialsninjaAutomation.testscripts.HeatClinicFuctionalityTesting@2ea6137]" started-at="2019-11-11T15:09:33Z" name="intailization" finished-at="2019-11-11T15:09:35Z" duration-ms="1351" status="PASS">
          <reporter-output>
          </reporter-output>
        </test-method> <!-- intailization -->
        <test-method signature="headerRedirectionValidation(java.lang.String, java.lang.String)[pri:1, instance:com.tutorialsninja.TutorialsninjaAutomation.testscripts.HeatClinicFuctionalityTesting@2ea6137]" started-at="2019-11-11T15:09:35Z" name="headerRedirectionValidation" data-provider="Headertitle" finished-at="2019-11-11T15:09:37Z" duration-ms="2338" status="PASS">
          <params>
            <param index="0">
              <value>
                <![CDATA[2]]>
              </value>
            </param>
            <param index="1">
              <value>
                <![CDATA[Broadleaf Commerce Demo Store - Heat Clinic - Hot Sauces]]>
              </value>
            </param>
          </params>
          <reporter-output>
          </reporter-output>
        </test-method> <!-- headerRedirectionValidation -->
        <test-method signature="headerRedirectionValidation(java.lang.String, java.lang.String)[pri:1, instance:com.tutorialsninja.TutorialsninjaAutomation.testscripts.HeatClinicFuctionalityTesting@2ea6137]" started-at="2019-11-11T15:09:37Z" name="headerRedirectionValidation" data-provider="Headertitle" finished-at="2019-11-11T15:09:39Z" duration-ms="1827" status="PASS">
          <params>
            <param index="0">
              <value>
                <![CDATA[3]]>
              </value>
            </param>
            <param index="1">
              <value>
                <![CDATA[Broadleaf Commerce Demo Store - Heat Clinic - Merchandise]]>
              </value>
            </param>
          </params>
          <reporter-output>
          </reporter-output>
        </test-method> <!-- headerRedirectionValidation -->
        <test-method signature="headerRedirectionValidation(java.lang.String, java.lang.String)[pri:1, instance:com.tutorialsninja.TutorialsninjaAutomation.testscripts.HeatClinicFuctionalityTesting@2ea6137]" started-at="2019-11-11T15:09:39Z" name="headerRedirectionValidation" data-provider="Headertitle" finished-at="2019-11-11T15:09:41Z" duration-ms="1751" status="PASS">
          <params>
            <param index="0">
              <value>
                <![CDATA[4]]>
              </value>
            </param>
            <param index="1">
              <value>
                <![CDATA[Broadleaf Commerce Demo Store - Heat Clinic - Clearance]]>
              </value>
            </param>
          </params>
          <reporter-output>
          </reporter-output>
        </test-method> <!-- headerRedirectionValidation -->
        <test-method signature="headerRedirectionValidation(java.lang.String, java.lang.String)[pri:1, instance:com.tutorialsninja.TutorialsninjaAutomation.testscripts.HeatClinicFuctionalityTesting@2ea6137]" started-at="2019-11-11T15:09:41Z" name="headerRedirectionValidation" data-provider="Headertitle" finished-at="2019-11-11T15:09:42Z" duration-ms="1650" status="PASS">
          <params>
            <param index="0">
              <value>
                <![CDATA[5]]>
              </value>
            </param>
            <param index="1">
              <value>
                <![CDATA[Broadleaf Commerce Demo Store - Heat Clinic - New to Hot Sauce]]>
              </value>
            </param>
          </params>
          <reporter-output>
          </reporter-output>
        </test-method> <!-- headerRedirectionValidation -->
        <test-method signature="headerRedirectionValidation(java.lang.String, java.lang.String)[pri:1, instance:com.tutorialsninja.TutorialsninjaAutomation.testscripts.HeatClinicFuctionalityTesting@2ea6137]" started-at="2019-11-11T15:09:42Z" name="headerRedirectionValidation" data-provider="Headertitle" finished-at="2019-11-11T15:09:44Z" duration-ms="1484" status="PASS">
          <params>
            <param index="0">
              <value>
                <![CDATA[6]]>
              </value>
            </param>
            <param index="1">
              <value>
                <![CDATA[Broadleaf Commerce Demo Store - Heat Clinic - FAQ]]>
              </value>
            </param>
          </params>
          <reporter-output>
          </reporter-output>
        </test-method> <!-- headerRedirectionValidation -->
        <test-method signature="merchandiseFunctionality([Ljava.lang.String;)[pri:2, instance:com.tutorialsninja.TutorialsninjaAutomation.testscripts.HeatClinicFuctionalityTesting@2ea6137]" started-at="2019-11-11T15:09:44Z" name="merchandiseFunctionality" data-provider="shirtdata" finished-at="2019-11-11T15:09:59Z" duration-ms="15398" status="PASS">
          <params>
            <param index="0">
              <value>
                <![CDATA[[Ljava.lang.String;@1b495d4]]>
              </value>
            </param>
          </params>
          <reporter-output>
          </reporter-output>
        </test-method> <!-- merchandiseFunctionality -->
        <test-method is-config="true" signature="endTest()[pri:0, instance:com.tutorialsninja.TutorialsninjaAutomation.testscripts.HeatClinicFuctionalityTesting@2ea6137]" started-at="2019-11-11T15:09:59Z" name="endTest" finished-at="2019-11-11T15:10:00Z" duration-ms="667" status="PASS">
          <reporter-output>
          </reporter-output>
        </test-method> <!-- endTest -->
      </class> <!-- com.tutorialsninja.TutorialsninjaAutomation.testscripts.HeatClinicFuctionalityTesting -->
    </test> <!-- heatClinicTest -->
  </suite> <!-- heatClinic -->
  <suite started-at="2019-11-11T15:10:00Z" name="tutorialsNinjaAndHeatClinic" finished-at="2019-11-11T15:10:00Z" duration-ms="0">
    <groups>
    </groups>
  </suite> <!-- tutorialsNinjaAndHeatClinic -->
</testng-results>
