<?xml version="1.0" encoding="UTF-8"?>
<testng-results ignored="0" total="10" passed="10" failed="0" skipped="0">
  <reporter-output>
  </reporter-output>
  <suite started-at="2019-11-11T14:08:38Z" name="tutorialsNinja" finished-at="2019-11-11T14:09:14Z" duration-ms="35500">
    <groups>
    </groups>
    <test started-at="2019-11-11T14:08:38Z" name="tutorialNinjaTest" finished-at="2019-11-11T14:09:14Z" duration-ms="35500">
      <class name="com.tutorialsninja.TutorialsninjaAutomation.testscripts.TutorialsNinjaFunctionalityValidation">
        <test-method is-config="true" signature="intitailizeBrowser()[pri:0, instance:com.tutorialsninja.TutorialsninjaAutomation.testscripts.TutorialsNinjaFunctionalityValidation@10db82ae]" started-at="2019-11-11T14:08:33Z" name="intitailizeBrowser" finished-at="2019-11-11T14:08:38Z" duration-ms="5151" status="PASS">
          <reporter-output>
          </reporter-output>
        </test-method> <!-- intitailizeBrowser -->
        <test-method is-config="true" signature="intailization()[pri:0, instance:com.tutorialsninja.TutorialsninjaAutomation.testscripts.TutorialsNinjaFunctionalityValidation@10db82ae]" started-at="2019-11-11T14:08:38Z" name="intailization" finished-at="2019-11-11T14:08:40Z" duration-ms="2050" status="PASS">
          <reporter-output>
          </reporter-output>
        </test-method> <!-- intailization -->
        <test-method signature="tutorialsNinjaHomePageValidation()[pri:1, instance:com.tutorialsninja.TutorialsninjaAutomation.testscripts.TutorialsNinjaFunctionalityValidation@10db82ae]" started-at="2019-11-11T14:08:40Z" name="tutorialsNinjaHomePageValidation" finished-at="2019-11-11T14:08:41Z" duration-ms="443" status="PASS">
          <reporter-output>
          </reporter-output>
        </test-method> <!-- tutorialsNinjaHomePageValidation -->
        <test-method signature="tutorialsNinjaProductValidation([Ljava.lang.String;)[pri:2, instance:com.tutorialsninja.TutorialsninjaAutomation.testscripts.TutorialsNinjaFunctionalityValidation@10db82ae]" started-at="2019-11-11T14:08:42Z" name="tutorialsNinjaProductValidation" data-provider="productData" finished-at="2019-11-11T14:08:56Z" duration-ms="13788" status="PASS">
          <params>
            <param index="0">
              <value>
                <![CDATA[[Ljava.lang.String;@304d0259]]>
              </value>
            </param>
          </params>
          <reporter-output>
          </reporter-output>
        </test-method> <!-- tutorialsNinjaProductValidation -->
        <test-method signature="tutorialsNinjaProductValidation([Ljava.lang.String;)[pri:2, instance:com.tutorialsninja.TutorialsninjaAutomation.testscripts.TutorialsNinjaFunctionalityValidation@10db82ae]" started-at="2019-11-11T14:08:56Z" name="tutorialsNinjaProductValidation" data-provider="productData" finished-at="2019-11-11T14:09:08Z" duration-ms="12510" status="PASS">
          <params>
            <param index="0">
              <value>
                <![CDATA[[Ljava.lang.String;@1d23ff23]]>
              </value>
            </param>
          </params>
          <reporter-output>
          </reporter-output>
        </test-method> <!-- tutorialsNinjaProductValidation -->
        <test-method signature="cartValidation()[pri:3, instance:com.tutorialsninja.TutorialsninjaAutomation.testscripts.TutorialsNinjaFunctionalityValidation@10db82ae]" started-at="2019-11-11T14:09:08Z" name="cartValidation" finished-at="2019-11-11T14:09:14Z" duration-ms="5516" status="PASS">
          <reporter-output>
          </reporter-output>
        </test-method> <!-- cartValidation -->
        <test-method is-config="true" signature="endTest()[pri:0, instance:com.tutorialsninja.TutorialsninjaAutomation.testscripts.TutorialsNinjaFunctionalityValidation@10db82ae]" started-at="2019-11-11T14:09:14Z" name="endTest" finished-at="2019-11-11T14:09:14Z" duration-ms="1" status="PASS">
          <reporter-output>
          </reporter-output>
        </test-method> <!-- endTest -->
      </class> <!-- com.tutorialsninja.TutorialsninjaAutomation.testscripts.TutorialsNinjaFunctionalityValidation -->
    </test> <!-- tutorialNinjaTest -->
  </suite> <!-- tutorialsNinja -->
  <suite started-at="2019-11-11T14:09:17Z" name="heatClinic" finished-at="2019-11-11T14:09:43Z" duration-ms="25352">
    <groups>
    </groups>
    <test started-at="2019-11-11T14:09:17Z" name="heatClinicTest" finished-at="2019-11-11T14:09:43Z" duration-ms="25352">
      <class name="com.tutorialsninja.TutorialsninjaAutomation.testscripts.HeatClinicFuctionalityTesting">
        <test-method is-config="true" signature="intitailizeBrowser()[pri:0, instance:com.tutorialsninja.TutorialsninjaAutomation.testscripts.HeatClinicFuctionalityTesting@3901d134]" started-at="2019-11-11T14:09:14Z" name="intitailizeBrowser" finished-at="2019-11-11T14:09:17Z" duration-ms="3666" status="PASS">
          <reporter-output>
          </reporter-output>
        </test-method> <!-- intitailizeBrowser -->
        <test-method is-config="true" signature="intailization()[pri:0, instance:com.tutorialsninja.TutorialsninjaAutomation.testscripts.HeatClinicFuctionalityTesting@3901d134]" started-at="2019-11-11T14:09:17Z" name="intailization" finished-at="2019-11-11T14:09:19Z" duration-ms="1645" status="PASS">
          <reporter-output>
          </reporter-output>
        </test-method> <!-- intailization -->
        <test-method signature="headerRedirectionValidation(java.lang.String, java.lang.String)[pri:1, instance:com.tutorialsninja.TutorialsninjaAutomation.testscripts.HeatClinicFuctionalityTesting@3901d134]" started-at="2019-11-11T14:09:19Z" name="headerRedirectionValidation" data-provider="Headertitle" finished-at="2019-11-11T14:09:22Z" duration-ms="2435" status="PASS">
          <params>
            <param index="0">
              <value>
                <![CDATA[2]]>
              </value>
            </param>
            <param index="1">
              <value>
                <![CDATA[Broadleaf Commerce Demo Store - Heat Clinic - Hot Sauces]]>
              </value>
            </param>
          </params>
          <reporter-output>
          </reporter-output>
        </test-method> <!-- headerRedirectionValidation -->
        <test-method signature="headerRedirectionValidation(java.lang.String, java.lang.String)[pri:1, instance:com.tutorialsninja.TutorialsninjaAutomation.testscripts.HeatClinicFuctionalityTesting@3901d134]" started-at="2019-11-11T14:09:22Z" name="headerRedirectionValidation" data-provider="Headertitle" finished-at="2019-11-11T14:09:24Z" duration-ms="2015" status="PASS">
          <params>
            <param index="0">
              <value>
                <![CDATA[3]]>
              </value>
            </param>
            <param index="1">
              <value>
                <![CDATA[Broadleaf Commerce Demo Store - Heat Clinic - Merchandise]]>
              </value>
            </param>
          </params>
          <reporter-output>
          </reporter-output>
        </test-method> <!-- headerRedirectionValidation -->
        <test-method signature="headerRedirectionValidation(java.lang.String, java.lang.String)[pri:1, instance:com.tutorialsninja.TutorialsninjaAutomation.testscripts.HeatClinicFuctionalityTesting@3901d134]" started-at="2019-11-11T14:09:24Z" name="headerRedirectionValidation" data-provider="Headertitle" finished-at="2019-11-11T14:09:25Z" duration-ms="1912" status="PASS">
          <params>
            <param index="0">
              <value>
                <![CDATA[4]]>
              </value>
            </param>
            <param index="1">
              <value>
                <![CDATA[Broadleaf Commerce Demo Store - Heat Clinic - Clearance]]>
              </value>
            </param>
          </params>
          <reporter-output>
          </reporter-output>
        </test-method> <!-- headerRedirectionValidation -->
        <test-method signature="headerRedirectionValidation(java.lang.String, java.lang.String)[pri:1, instance:com.tutorialsninja.TutorialsninjaAutomation.testscripts.HeatClinicFuctionalityTesting@3901d134]" started-at="2019-11-11T14:09:25Z" name="headerRedirectionValidation" data-provider="Headertitle" finished-at="2019-11-11T14:09:27Z" duration-ms="1542" status="PASS">
          <params>
            <param index="0">
              <value>
                <![CDATA[5]]>
              </value>
            </param>
            <param index="1">
              <value>
                <![CDATA[Broadleaf Commerce Demo Store - Heat Clinic - New to Hot Sauce]]>
              </value>
            </param>
          </params>
          <reporter-output>
          </reporter-output>
        </test-method> <!-- headerRedirectionValidation -->
        <test-method signature="headerRedirectionValidation(java.lang.String, java.lang.String)[pri:1, instance:com.tutorialsninja.TutorialsninjaAutomation.testscripts.HeatClinicFuctionalityTesting@3901d134]" started-at="2019-11-11T14:09:27Z" name="headerRedirectionValidation" data-provider="Headertitle" finished-at="2019-11-11T14:09:28Z" duration-ms="1368" status="PASS">
          <params>
            <param index="0">
              <value>
                <![CDATA[6]]>
              </value>
            </param>
            <param index="1">
              <value>
                <![CDATA[Broadleaf Commerce Demo Store - Heat Clinic - FAQ]]>
              </value>
            </param>
          </params>
          <reporter-output>
          </reporter-output>
        </test-method> <!-- headerRedirectionValidation -->
        <test-method signature="merchandiseFunctionality([Ljava.lang.String;)[pri:2, instance:com.tutorialsninja.TutorialsninjaAutomation.testscripts.HeatClinicFuctionalityTesting@3901d134]" started-at="2019-11-11T14:09:28Z" name="merchandiseFunctionality" data-provider="shirtdata" finished-at="2019-11-11T14:09:43Z" duration-ms="14298" status="PASS">
          <params>
            <param index="0">
              <value>
                <![CDATA[[Ljava.lang.String;@63a28987]]>
              </value>
            </param>
          </params>
          <reporter-output>
          </reporter-output>
        </test-method> <!-- merchandiseFunctionality -->
        <test-method is-config="true" signature="endTest()[pri:0, instance:com.tutorialsninja.TutorialsninjaAutomation.testscripts.HeatClinicFuctionalityTesting@3901d134]" started-at="2019-11-11T14:09:43Z" name="endTest" finished-at="2019-11-11T14:09:43Z" duration-ms="0" status="PASS">
          <reporter-output>
          </reporter-output>
        </test-method> <!-- endTest -->
      </class> <!-- com.tutorialsninja.TutorialsninjaAutomation.testscripts.HeatClinicFuctionalityTesting -->
    </test> <!-- heatClinicTest -->
  </suite> <!-- heatClinic -->
  <suite started-at="2019-11-11T14:09:43Z" name="tutorialsNinjaAndHeatClinic" finished-at="2019-11-11T14:09:43Z" duration-ms="0">
    <groups>
    </groups>
  </suite> <!-- tutorialsNinjaAndHeatClinic -->
</testng-results>
